Вот она — ваша шпаргалка в адаптированной версии:


📣 **ВНИМАНИЕ, ГОРОЖАНЕ! В ЭФИРЕ — БИНАРНЫЙ ПОИСК НА PYTHON!**

---

### 📢 1. ОБЪЯВЛЯЮ ФУНКЦИЮ!

> *«Граждане! Сегодня мы ищем элемент в списке!  
> Для этого объявлена функция `binary_search` — она принимает два аргумента:  
> — `arr` — наш список (отсортированный, иначе будет беда!)  
> — `target` — то, что ищем.  
> Без паники — всё под контролем!»*

```python
def binary_search(arr, target):
```

---

### 📢 2. УСТАНАВЛИВАЕМ ГРАНИЦЫ!

> *«Друзья! Поиск не безграничен!  
> Нижняя граница — индекс 0.  
> Верхняя — длина списка минус один — ведь счёт у нас с нуля, а не с единицы, как в магазине!  
> И да — если хотите считать шаги — заведите счётчик `steps = 0`. Он вам пригодится!»*

```python
    low = 0
    high = len(arr) - 1
    steps = 0  # опционально, но полезно!
```

---

### 📢 3. ЗАПУСКАЕМ ЦИКЛ — САМОЕ ГЛАВНОЕ ШОУ!

> *«Внимание! Сейчас начнётся цикл `while` — сердце нашего поиска!  
> Работаем, пока `low <= high` — то есть, пока есть, где искать.  
> Как только левая граница переползёт правую — стоп машина, элемента нет!»*

```python
    while low <= high:
```

---

### 📢 4. ДЕЛИМ ПОПОЛАМ — КАК ПРАВИЛЬНЫЕ ЛЮДИ!

> *«Шаг первый: берём середину — `(low + high) // 2`!  
> Важно: деление **целочисленное** — никаких дробей, мы тут не в ресторане, а в строгом алгоритме!  
> Получили `mid` — смотрим, что там за элемент: `guess = arr[mid]`»*

```python
        mid = (low + high) // 2
        guess = arr[mid]
        steps += 1  # не забудьте посчитать шаг!
```

### 📢 5. СРАВНИВАЕМ — КУДА ДВИГАТЬСЯ?

> *«Товарищи! Сравниваем `guess` и `target`!  
> — Если равно — УРА! Возвращаем `mid` и `steps` — праздник удался! 🎉  
> — Если `guess > target` — искомое слева → двигаем `high = mid - 1`  
> — Если `guess < target` — искомое справа → двигаем `low = mid + 1`  
> Никакой самодеятельности! Строго по инструкции!»*

```python
        if guess == target:
            return mid, steps
        elif guess > target:
            high = mid - 1
        else:
            low = mid + 1
```

---

### 📢 6. А ЕСЛИ НЕ НАШЛИ? — ВОЗВРАЩАЕМ -1!

> *«Граждане! Если вышли из цикла — значит, обошли весь список, а элемента нет.  
> Не паникуйте — возвращаем `-1, steps`, чтобы было понятно: «не нашли, но вот сколько шагов потратили».  
> Это не провал — это информация!»*

```python
    return -1, steps
```

---

🎯 **Финальный аккорд:**  
> *«Запомните эту структуру — и вы сможете написать бинарный поиск даже во сне, в лифте, на экзамене или в бою!»*

---

## 💡 Почему этот формат работает?

Потому что:

- 👂 Вы слышите голос «диктора» — это включает образное мышление
- 🎭 Каждая часть кода — как акт спектакля
- 😄 Юмор и театральность снижают стресс от «сложного кода»
- 🧠 Мозг запоминает истории лучше, чем сухие инструкции
