Держите **шпаргалку для сортировки выбором** — в том же живом, театральном стиле, как будто диктор на главной площади города объявляет пошаговый алгоритм всем желающим 😊

---

📣 **ВНИМАНИЕ, ГРАЖДАНЕ! СЕГОДНЯ У НАС — СОРТИРОВКА ВЫБОРОМ!**

---

### 📢 1. ОБЪЯВЛЯЮ ФУНКЦИЮ!

> *«Товарищи горожане! Сегодня мы наведём порядок в хаосе!
> Объявляю функцию `selection_sort` — она примет ваш список и вернёт его отсортированным!
> Принесите любой список чисел — мы всё упорядочим, как на параде!»*

```python
def selection_sort(arr):
```

---

### 📢 2. ЗАПОМИНАЕМ ДЛИНУ — ЧТОБЫ НЕ ПОТЕРЯТЬСЯ!

> *«Прежде чем начать — замеряем длину списка: `n = len(arr)`!
> Это наша карта — без неё можно заблудиться в циклах!
> Не волнуйтесь — это однократная операция, чтобы не считать каждый раз заново!»*

```python
    n = len(arr)
```

---

### 📢 3. ВНЕШНИЙ ЦИКЛ — «НА КАКОЕ МЕСТО СТАВИМ?»

> *«Первый шаг: внешний цикл `for i in range(n)` — он отвечает за позицию, куда мы будем ставить самый маленький элемент!
> На первом круге — ставим минимум на 0-е место.
> На втором — на 1-е.
> И так далее — до самого конца!
> Представьте: вы расставляете книги на полке — одну за другой, начиная с самой левой!»*

```python
    for i in range(n):
```

---

### 📢 4. ПРЕДПОЛАГАЕМ, ЧТО ТЕКУЩИЙ ЭЛЕМЕНТ — МИНИМУМ!

> *«На каждом шаге мы говорим: “А давайте пока считать, что минимальный элемент — тот, что прямо перед нами!”
> Запоминаем его индекс: `min_index = i` — это наш временный чемпион!
> Но... не спешите с выводами — сейчас проверим всех остальных!»*

```python
        min_index = i
```

---

### 📢 5. ВНУТРЕННИЙ ЦИКЛ — «ИЩЕМ МИНИМУМ СПРАВА!»

> *«Теперь — внутренний цикл: `for j in range(i + 1, n)` — мы обходим всех справа от текущей позиции!
> Почему справа? Потому что слева уже всё отсортировано — трогать нельзя!
> Сравниваем каждого: “Ты меньше нашего чемпиона?” — если да — ты новый чемпион!»*

```python
        for j in range(i + 1, n):
            if arr[j] < arr[min_index]:
                min_index = j
```

📌 *«Это как конкурс красоты: сначала выбрали первую участницу — потом пошли смотреть остальных. Если нашли красивее — корона переходит ей!»*

---

### 📢 6. МЕНЯЕМ МЕСТАМИ — ЧЕМПИОН НА ПЬЕДЕСТАЛ!

> *«Нашли настоящего чемпиона? Отлично!
> Теперь меняем его местами с элементом на текущей позиции:
> `arr[i], arr[min_index] = arr[min_index], arr[i]`
> Это как сказать: “Ты заслужил первое место — вперёд, на почётную позицию!”
> После этого — часть списка `[0..i]` официально считается отсортированной!»*

```python
        arr[i], arr[min_index] = arr[min_index], arr[i]
```

---

### 📢 7. ПОВТОРЯЕМ, ПОКА ВСЁ НЕ УПОРЯДОЧЕНО!

> *«Цикл продолжается, пока не дойдём до последнего элемента.
> Последний элемент проверять не нужно — ему больше не с кем меняться, он и так на своём месте!
> Когда цикл закончится — возвращаем наш блестяще отсортированный список!»*

```python
    return arr
```

---

🎯 **ФИНАЛЬНЫЙ АККОРД:**

> *«Запомните эту структуру:
> — Внешний цикл — “на какое место ставим?”
> — Внутренний цикл — “кто самый маленький справа?”
> — Обмен — “чемпион, займите своё место!”
>
> Пишите этот код даже с закрытыми глазами — он прост, надёжен и всегда работает!»*

---

## 💡 БОНУС: ЖИЗНЕННАЯ АНАЛОГИЯ

> **Сортировка выбором — как расставить детей по росту на школьном фото:**
> 1. Смотрите на первого ребёнка — говорите: «Пока он самый низкий».
> 2. Обходите всех остальных — если нашли ниже — он теперь «самый низкий».
> 3. Меняете его местами с первым.
> 4. Переходите ко второму — повторяете поиск среди оставшихся.
> 5. ... и так до конца.
>
> Результат — идеально отсортированная шеренга! 📸

